<?xml version="1.0" encoding="UTF-8"?>
<!-- Generated by org.testng.reporters.JUnitXMLReporter -->
<testsuite ignored="0" hostname="Ayush_Gocomet" failures="0" tests="5" name="Surefire test" time="29.565" errors="0" timestamp="2024-07-26T03:15:38 IST">
  <testcase classname="com.example.tests.LoginTests" name="shadowElement" time="6.277"/>
  <testcase classname="com.example.tests.LoginTests" name="testLoginFailures" time="4.019"/>
  <testcase classname="com.example.tests.LoginTests" name="testLoginSuccess" time="8.36"/>
  <testcase classname="com.example.tests.LoginTests" name="testPasswordVisibilityToggle" time="1.03"/>
  <testcase classname="com.example.tests.LoginTests" name="testUpdatePassword" time="2.998"/>
</testsuite> <!-- Surefire test -->
