<?xml version="1.0" encoding="UTF-8"?>
<!-- Generated by org.testng.reporters.JUnitXMLReporter -->
<testsuite ignored="0" hostname="Ayush_Gocomet" failures="0" tests="4" name="Surefire test" time="36.648" errors="0" timestamp="2024-07-26T00:04:08 IST">
  <testcase classname="com.example.LoginTests" name="shadownElement" time="14.463"/>
  <testcase classname="com.example.LoginTests" name="testLoginFailure" time="5.585"/>
  <testcase classname="com.example.LoginTests" name="testLoginSuccess" time="7.581"/>
  <testcase classname="com.example.LoginTests" name="testPasswordVisibilityToggle" time="1.254"/>
</testsuite> <!-- Surefire test -->
