<?xml version="1.0" encoding="UTF-8"?>
<testng-results ignored="0" total="5" passed="5" failed="0" skipped="0">
  <reporter-output>
  </reporter-output>
  <suite started-at="2024-07-26T03:27:23 IST" name="Surefire suite" finished-at="2024-07-26T03:27:52 IST" duration-ms="29450">
    <groups>
    </groups>
    <test started-at="2024-07-26T03:27:23 IST" name="Surefire test" finished-at="2024-07-26T03:27:52 IST" duration-ms="29450">
      <class name="com.example.tests.LoginTests">
        <test-method is-config="true" signature="setUp()[pri:0, instance:com.example.tests.LoginTests@2898ac89]" started-at="2024-07-26T03:27:23 IST" name="setUp" finished-at="2024-07-26T03:27:28 IST" duration-ms="5151" status="PASS">
          <reporter-output>
          </reporter-output>
        </test-method> <!-- setUp -->
        <test-method signature="shadowElement()[pri:0, instance:com.example.tests.LoginTests@2898ac89]" started-at="2024-07-26T03:27:28 IST" name="shadowElement" finished-at="2024-07-26T03:27:35 IST" duration-ms="6897" status="PASS">
          <reporter-output>
          </reporter-output>
        </test-method> <!-- shadowElement -->
        <test-method signature="testLoginFailures()[pri:0, instance:com.example.tests.LoginTests@2898ac89]" started-at="2024-07-26T03:27:35 IST" name="testLoginFailures" finished-at="2024-07-26T03:27:39 IST" duration-ms="4199" status="PASS">
          <reporter-output>
          </reporter-output>
        </test-method> <!-- testLoginFailures -->
        <test-method signature="testLoginSuccess()[pri:0, instance:com.example.tests.LoginTests@2898ac89]" started-at="2024-07-26T03:27:39 IST" name="testLoginSuccess" finished-at="2024-07-26T03:27:47 IST" duration-ms="7599" status="PASS">
          <reporter-output>
          </reporter-output>
        </test-method> <!-- testLoginSuccess -->
        <test-method signature="testPasswordVisibilityToggle()[pri:0, instance:com.example.tests.LoginTests@2898ac89]" started-at="2024-07-26T03:27:47 IST" name="testPasswordVisibilityToggle" finished-at="2024-07-26T03:27:48 IST" duration-ms="803" status="PASS">
          <reporter-output>
          </reporter-output>
        </test-method> <!-- testPasswordVisibilityToggle -->
        <test-method signature="testUpdatePassword()[pri:0, instance:com.example.tests.LoginTests@2898ac89]" started-at="2024-07-26T03:27:48 IST" name="testUpdatePassword" finished-at="2024-07-26T03:27:52 IST" duration-ms="4284" status="PASS">
          <reporter-output>
          </reporter-output>
        </test-method> <!-- testUpdatePassword -->
        <test-method is-config="true" signature="tearDown()[pri:0, instance:com.example.tests.LoginTests@2898ac89]" started-at="2024-07-26T03:27:52 IST" name="tearDown" finished-at="2024-07-26T03:27:52 IST" duration-ms="455" status="PASS">
          <reporter-output>
          </reporter-output>
        </test-method> <!-- tearDown -->
      </class> <!-- com.example.tests.LoginTests -->
    </test> <!-- Surefire test -->
  </suite> <!-- Surefire suite -->
</testng-results>
