<?xml version="1.0" encoding="UTF-8"?>
<testsuite xmlns:xsi="http://www.w3.org/2001/XMLSchema-instance" xsi:noNamespaceSchemaLocation="https://maven.apache.org/surefire/maven-surefire-plugin/xsd/surefire-test-report.xsd" name="com.example.LoginTests" time="37.529" tests="4" errors="0" skipped="0" failures="0">
  <properties>
[...]
</properties>
  <testcase name="shadownElement" classname="com.example.LoginTests" time="14.462"/>
  <testcase name="testLoginFailure" classname="com.example.LoginTests" time="5.584"/>
  <testcase name="testLoginSuccess" classname="com.example.LoginTests" time="7.581"/>
  <testcase name="testPasswordVisibilityToggle" classname="com.example.LoginTests" time="1.254"/>
</testsuite>